<?xml version="1.0" encoding="UTF-8"?>
<!-- Generated by org.testng.reporters.JUnitReportReporter -->
<testsuite hostname="INLN50946679A" name="com.cpi.testcase.LoginCPI" tests="1" failures="0" timestamp="13 Mar 2019 20:11:06 GMT" time="35.794" errors="0">
  <testcase name="Login" time="35.794" classname="com.cpi.testcase.LoginCPI"/>
</testsuite> <!-- com.cpi.testcase.LoginCPI -->
